<?xml version="1.0" encoding="UTF-8"?>
<!-- Generated by org.testng.reporters.JUnitReportReporter -->
<testsuite hostname="HEL01709" failures="0" tests="1" name="by.helmes.gmail.tests.SendEmailTest" time="34.685" errors="0" timestamp="2021-03-22T16:22:55 MSK" skipped="0">
  <testcase classname="by.helmes.gmail.tests.SendEmailTest" name="sendEmail" time="34.685"/>
  <system-out/>
</testsuite> <!-- by.helmes.gmail.tests.SendEmailTest -->
